Traceback (most recent call last):
  File "/home/dtaylor/shuu/shuushuu-api/.venv/lib/python3.12/site-packages/pymysql/connections.py", line 661, in connect
    sock = socket.create_connection(
           ^^^^^^^^^^^^^^^^^^^^^^^^^
  File "/usr/lib/python3.12/socket.py", line 828, in create_connection
    for res in getaddrinfo(host, port, 0, SOCK_STREAM):
               ^^^^^^^^^^^^^^^^^^^^^^^^^^^^^^^^^^^^^^^
  File "/usr/lib/python3.12/socket.py", line 963, in getaddrinfo
    for res in _socket.getaddrinfo(host, port, family, type, proto, flags):
               ^^^^^^^^^^^^^^^^^^^^^^^^^^^^^^^^^^^^^^^^^^^^^^^^^^^^^^^^^^^
socket.gaierror: [Errno -3] Temporary failure in name resolution

During handling of the above exception, another exception occurred:

Traceback (most recent call last):
  File "/home/dtaylor/shuu/shuushuu-api/.venv/lib/python3.12/site-packages/sqlalchemy/engine/base.py", line 143, in __init__
    self._dbapi_connection = engine.raw_connection()
                             ^^^^^^^^^^^^^^^^^^^^^^^
  File "/home/dtaylor/shuu/shuushuu-api/.venv/lib/python3.12/site-packages/sqlalchemy/engine/base.py", line 3301, in raw_connection
    return self.pool.connect()
           ^^^^^^^^^^^^^^^^^^^
  File "/home/dtaylor/shuu/shuushuu-api/.venv/lib/python3.12/site-packages/sqlalchemy/pool/base.py", line 447, in connect
    return _ConnectionFairy._checkout(self)
           ^^^^^^^^^^^^^^^^^^^^^^^^^^^^^^^^
  File "/home/dtaylor/shuu/shuushuu-api/.venv/lib/python3.12/site-packages/sqlalchemy/pool/base.py", line 1264, in _checkout
    fairy = _ConnectionRecord.checkout(pool)
            ^^^^^^^^^^^^^^^^^^^^^^^^^^^^^^^^
  File "/home/dtaylor/shuu/shuushuu-api/.venv/lib/python3.12/site-packages/sqlalchemy/pool/base.py", line 711, in checkout
    rec = pool._do_get()
          ^^^^^^^^^^^^^^
  File "/home/dtaylor/shuu/shuushuu-api/.venv/lib/python3.12/site-packages/sqlalchemy/pool/impl.py", line 306, in _do_get
    return self._create_connection()
           ^^^^^^^^^^^^^^^^^^^^^^^^^
  File "/home/dtaylor/shuu/shuushuu-api/.venv/lib/python3.12/site-packages/sqlalchemy/pool/base.py", line 388, in _create_connection
    return _ConnectionRecord(self)
           ^^^^^^^^^^^^^^^^^^^^^^^
  File "/home/dtaylor/shuu/shuushuu-api/.venv/lib/python3.12/site-packages/sqlalchemy/pool/base.py", line 673, in __init__
    self.__connect()
  File "/home/dtaylor/shuu/shuushuu-api/.venv/lib/python3.12/site-packages/sqlalchemy/pool/base.py", line 899, in __connect
    with util.safe_reraise():
  File "/home/dtaylor/shuu/shuushuu-api/.venv/lib/python3.12/site-packages/sqlalchemy/util/langhelpers.py", line 224, in __exit__
    raise exc_value.with_traceback(exc_tb)
  File "/home/dtaylor/shuu/shuushuu-api/.venv/lib/python3.12/site-packages/sqlalchemy/pool/base.py", line 895, in __connect
    self.dbapi_connection = connection = pool._invoke_creator(self)
                                         ^^^^^^^^^^^^^^^^^^^^^^^^^^
  File "/home/dtaylor/shuu/shuushuu-api/.venv/lib/python3.12/site-packages/sqlalchemy/engine/create.py", line 661, in connect
    return dialect.connect(*cargs, **cparams)
           ^^^^^^^^^^^^^^^^^^^^^^^^^^^^^^^^^^
  File "/home/dtaylor/shuu/shuushuu-api/.venv/lib/python3.12/site-packages/sqlalchemy/engine/default.py", line 629, in connect
    return self.loaded_dbapi.connect(*cargs, **cparams)  # type: ignore[no-any-return]  # NOQA: E501
           ^^^^^^^^^^^^^^^^^^^^^^^^^^^^^^^^^^^^^^^^^^^^
  File "/home/dtaylor/shuu/shuushuu-api/.venv/lib/python3.12/site-packages/pymysql/connections.py", line 365, in __init__
    self.connect()
  File "/home/dtaylor/shuu/shuushuu-api/.venv/lib/python3.12/site-packages/pymysql/connections.py", line 723, in connect
    raise exc
pymysql.err.OperationalError: (2003, "Can't connect to MySQL server on 'mariadb' ([Errno -3] Temporary failure in name resolution)")

The above exception was the direct cause of the following exception:

Traceback (most recent call last):
  File "/home/dtaylor/shuu/shuushuu-api/.venv/bin/alembic", line 10, in <module>
    sys.exit(main())
             ^^^^^^
  File "/home/dtaylor/shuu/shuushuu-api/.venv/lib/python3.12/site-packages/alembic/config.py", line 1033, in main
    CommandLine(prog=prog).main(argv=argv)
  File "/home/dtaylor/shuu/shuushuu-api/.venv/lib/python3.12/site-packages/alembic/config.py", line 1023, in main
    self.run_cmd(cfg, options)
  File "/home/dtaylor/shuu/shuushuu-api/.venv/lib/python3.12/site-packages/alembic/config.py", line 957, in run_cmd
    fn(
  File "/home/dtaylor/shuu/shuushuu-api/.venv/lib/python3.12/site-packages/alembic/command.py", line 789, in stamp
    script.run_env()
  File "/home/dtaylor/shuu/shuushuu-api/.venv/lib/python3.12/site-packages/alembic/script/base.py", line 545, in run_env
    util.load_python_file(self.dir, "env.py")
  File "/home/dtaylor/shuu/shuushuu-api/.venv/lib/python3.12/site-packages/alembic/util/pyfiles.py", line 116, in load_python_file
    module = load_module_py(module_id, path)
             ^^^^^^^^^^^^^^^^^^^^^^^^^^^^^^^
  File "/home/dtaylor/shuu/shuushuu-api/.venv/lib/python3.12/site-packages/alembic/util/pyfiles.py", line 136, in load_module_py
    spec.loader.exec_module(module)  # type: ignore
    ^^^^^^^^^^^^^^^^^^^^^^^^^^^^^^^
  File "<frozen importlib._bootstrap_external>", line 995, in exec_module
  File "<frozen importlib._bootstrap>", line 488, in _call_with_frames_removed
  File "/home/dtaylor/shuu/shuushuu-api/alembic/env.py", line 82, in <module>
    run_migrations_online()
  File "/home/dtaylor/shuu/shuushuu-api/alembic/env.py", line 72, in run_migrations_online
    with connectable.connect() as connection:
         ^^^^^^^^^^^^^^^^^^^^^
  File "/home/dtaylor/shuu/shuushuu-api/.venv/lib/python3.12/site-packages/sqlalchemy/engine/base.py", line 3277, in connect
    return self._connection_cls(self)
           ^^^^^^^^^^^^^^^^^^^^^^^^^^
  File "/home/dtaylor/shuu/shuushuu-api/.venv/lib/python3.12/site-packages/sqlalchemy/engine/base.py", line 145, in __init__
    Connection._handle_dbapi_exception_noconnection(
  File "/home/dtaylor/shuu/shuushuu-api/.venv/lib/python3.12/site-packages/sqlalchemy/engine/base.py", line 2440, in _handle_dbapi_exception_noconnection
    raise sqlalchemy_exception.with_traceback(exc_info[2]) from e
  File "/home/dtaylor/shuu/shuushuu-api/.venv/lib/python3.12/site-packages/sqlalchemy/engine/base.py", line 143, in __init__
    self._dbapi_connection = engine.raw_connection()
                             ^^^^^^^^^^^^^^^^^^^^^^^
  File "/home/dtaylor/shuu/shuushuu-api/.venv/lib/python3.12/site-packages/sqlalchemy/engine/base.py", line 3301, in raw_connection
    return self.pool.connect()
           ^^^^^^^^^^^^^^^^^^^
  File "/home/dtaylor/shuu/shuushuu-api/.venv/lib/python3.12/site-packages/sqlalchemy/pool/base.py", line 447, in connect
    return _ConnectionFairy._checkout(self)
           ^^^^^^^^^^^^^^^^^^^^^^^^^^^^^^^^
  File "/home/dtaylor/shuu/shuushuu-api/.venv/lib/python3.12/site-packages/sqlalchemy/pool/base.py", line 1264, in _checkout
    fairy = _ConnectionRecord.checkout(pool)
            ^^^^^^^^^^^^^^^^^^^^^^^^^^^^^^^^
  File "/home/dtaylor/shuu/shuushuu-api/.venv/lib/python3.12/site-packages/sqlalchemy/pool/base.py", line 711, in checkout
    rec = pool._do_get()
          ^^^^^^^^^^^^^^
  File "/home/dtaylor/shuu/shuushuu-api/.venv/lib/python3.12/site-packages/sqlalchemy/pool/impl.py", line 306, in _do_get
    return self._create_connection()
           ^^^^^^^^^^^^^^^^^^^^^^^^^
  File "/home/dtaylor/shuu/shuushuu-api/.venv/lib/python3.12/site-packages/sqlalchemy/pool/base.py", line 388, in _create_connection
    return _ConnectionRecord(self)
           ^^^^^^^^^^^^^^^^^^^^^^^
  File "/home/dtaylor/shuu/shuushuu-api/.venv/lib/python3.12/site-packages/sqlalchemy/pool/base.py", line 673, in __init__
    self.__connect()
  File "/home/dtaylor/shuu/shuushuu-api/.venv/lib/python3.12/site-packages/sqlalchemy/pool/base.py", line 899, in __connect
    with util.safe_reraise():
  File "/home/dtaylor/shuu/shuushuu-api/.venv/lib/python3.12/site-packages/sqlalchemy/util/langhelpers.py", line 224, in __exit__
    raise exc_value.with_traceback(exc_tb)
  File "/home/dtaylor/shuu/shuushuu-api/.venv/lib/python3.12/site-packages/sqlalchemy/pool/base.py", line 895, in __connect
    self.dbapi_connection = connection = pool._invoke_creator(self)
                                         ^^^^^^^^^^^^^^^^^^^^^^^^^^
  File "/home/dtaylor/shuu/shuushuu-api/.venv/lib/python3.12/site-packages/sqlalchemy/engine/create.py", line 661, in connect
    return dialect.connect(*cargs, **cparams)
           ^^^^^^^^^^^^^^^^^^^^^^^^^^^^^^^^^^
  File "/home/dtaylor/shuu/shuushuu-api/.venv/lib/python3.12/site-packages/sqlalchemy/engine/default.py", line 629, in connect
    return self.loaded_dbapi.connect(*cargs, **cparams)  # type: ignore[no-any-return]  # NOQA: E501
           ^^^^^^^^^^^^^^^^^^^^^^^^^^^^^^^^^^^^^^^^^^^^
  File "/home/dtaylor/shuu/shuushuu-api/.venv/lib/python3.12/site-packages/pymysql/connections.py", line 365, in __init__
    self.connect()
  File "/home/dtaylor/shuu/shuushuu-api/.venv/lib/python3.12/site-packages/pymysql/connections.py", line 723, in connect
    raise exc
sqlalchemy.exc.OperationalError: (pymysql.err.OperationalError) (2003, "Can't connect to MySQL server on 'mariadb' ([Errno -3] Temporary failure in name resolution)")
(Background on this error at: https://sqlalche.me/e/20/e3q8)

================================================================================
                       Legacy Database Migration Workflow
================================================================================


================================================================================
                        Phase 1: Import Legacy SQL Dump
================================================================================

Target database: shuushuu_dev
Host: mariadb:3306
User: shuushuu_dev


================================================================================
[1/4] Dropping and recreating database
================================================================================
⚠️  Dropping database 'shuushuu_dev' if it exists...
Note: Replacing Docker hostname 'mariadb' with 'localhost' for host execution
Running: Drop and create database 'shuushuu_dev'
Command: mariadb --host=localhost --port=3306 --user=shuushuu_dev --password=dev_password_insecure -e DROP DATABASE IF EXISTS `shuushuu_dev`; CREATE DATABASE `shuushuu_dev` CHARACTER SET utf8mb3 COLLATE utf8mb3_unicode_ci;


✓ Drop and create database 'shuushuu_dev' completed successfully

================================================================================
[2/4] Importing SQL dump
================================================================================
Importing SQL dump from: /home/dtaylor/shuu/shuushuu-2025-12-26.sql
Into database: shuushuu_dev
Running: Import SQL dump into 'shuushuu_dev'
Command: bash -c mariadb --host=localhost --port=3306 --user=shuushuu_dev --password=dev_password_insecure shuushuu_dev "--init-command=SET SESSION FOREIGN_KEY_CHECKS=0; SET SESSION UNIQUE_CHECKS=0; SET autocommit=0;" --max-allowed-packet=1073741824 < /home/dtaylor/shuu/shuushuu-2025-12-26.sql


✓ Import SQL dump into 'shuushuu_dev' completed successfully

================================================================================
[3/4] Stamping database with initial migration
================================================================================
Using DATABASE_URL: mysql+aiomysql://shuushuu_dev:***@localhost:3306/shuushuu_dev?charset=utf8mb4

Running: Stamp database with initial migration (8d66158eb568)
Command: uv run alembic stamp 8d66158eb568


❌ Command failed with exit code 1
❌ Failed to stamp initial migration
